# JRE version: OpenJDK Runtime Environment (24.0.2+12) (build 24.0.2+12-54)
# Java VM: OpenJDK 64-Bit Server VM (24.0.2+12-54, mixed mode, sharing, tiered, compressed oops, compressed class ptrs, g1 gc, windows-amd64)
GC Precious Log:
 CardTable entry size: 512
 Card Set container configuration: InlinePtr #cards 5 size 8 Array Of Cards #cards 10 size 36 Howl #buckets 4 coarsen threshold 1843 Howl Bitmap #cards 512 size 80 coarsen threshold 460 Card regions per heap region 1 cards per card region 2048
 CPUs: 12 total, 12 available
 Memory: 7470M
 Large Page Support: Disabled
 NUMA Support: Disabled
 Compressed Oops: Enabled (32-bit)
 Heap Region Size: 1M
 Heap Min Capacity: 8M
 Heap Initial Capacity: 118M
 Heap Max Capacity: 1868M
 Pre-touch: Disabled
 Parallel Workers: 10
 Concurrent Workers: 3
 Concurrent Refinement Workers: 10
 Periodic GC: Disabled
Heap:
 garbage-first heap   total reserved 1912832K, committed 51200K, used 37741K [0x000000008b400000, 0x0000000100000000)
  region size 1024K, 20 young (20480K), 3 survivors (3072K)
 Metaspace       used 42796K, committed 43328K, reserved 1114112K
  class space    used 4257K, committed 4480K, reserved 1048576K
GC Heap History (12 events):
Event: 1.255 GC heap before
{Heap before GC invocations=0 (full 0):
 garbage-first heap   total reserved 1912832K, committed 122880K, used 50288K [0x000000008b400000, 0x0000000100000000)
  region size 1024K, 47 young (48128K), 0 survivors (0K)
 Metaspace       used 13965K, committed 14208K, reserved 1114112K
  class space    used 1326K, committed 1408K, reserved 1048576K
}
Event: 1.262 GC heap after
{Heap after GC invocations=1 (full 0):
 garbage-first heap   total reserved 1912832K, committed 122880K, used 11067K [0x000000008b400000, 0x0000000100000000)
  region size 1024K, 6 young (6144K), 6 survivors (6144K)
 Metaspace       used 13965K, committed 14208K, reserved 1114112K
  class space    used 1326K, committed 1408K, reserved 1048576K
}
Event: 1.937 GC heap before
{Heap before GC invocations=1 (full 0):
 garbage-first heap   total reserved 1912832K, committed 122880K, used 44859K [0x000000008b400000, 0x0000000100000000)
  region size 1024K, 41 young (41984K), 6 survivors (6144K)
 Metaspace       used 21222K, committed 21504K, reserved 1114112K
  class space    used 2094K, committed 2176K, reserved 1048576K
}
Event: 1.945 GC heap after
{Heap after GC invocations=2 (full 0):
 garbage-first heap   total reserved 1912832K, committed 122880K, used 14362K [0x000000008b400000, 0x0000000100000000)
  region size 1024K, 3 young (3072K), 3 survivors (3072K)
 Metaspace       used 21222K, committed 21504K, reserved 1114112K
  class space    used 2094K, committed 2176K, reserved 1048576K
}
Event: 2.654 GC heap before
{Heap before GC invocations=3 (full 0):
 garbage-first heap   total reserved 1912832K, committed 51200K, used 42010K [0x000000008b400000, 0x0000000100000000)
  region size 1024K, 30 young (30720K), 3 survivors (3072K)
 Metaspace       used 26137K, committed 26496K, reserved 1114112K
  class space    used 2660K, committed 2816K, reserved 1048576K
}
Event: 2.662 GC heap after
{Heap after GC invocations=4 (full 0):
 garbage-first heap   total reserved 1912832K, committed 51200K, used 16926K [0x000000008b400000, 0x0000000100000000)
  region size 1024K, 3 young (3072K), 3 survivors (3072K)
 Metaspace       used 26137K, committed 26496K, reserved 1114112K
  class space    used 2660K, committed 2816K, reserved 1048576K
}
Event: 3.203 GC heap before
{Heap before GC invocations=4 (full 0):
 garbage-first heap   total reserved 1912832K, committed 51200K, used 37406K [0x000000008b400000, 0x0000000100000000)
  region size 1024K, 23 young (23552K), 3 survivors (3072K)
 Metaspace       used 32866K, committed 33216K, reserved 1114112K
  class space    used 3250K, committed 3392K, reserved 1048576K
}
Event: 3.205 GC heap after
{Heap after GC invocations=5 (full 0):
 garbage-first heap   total reserved 1912832K, committed 51200K, used 18529K [0x000000008b400000, 0x0000000100000000)
  region size 1024K, 2 young (2048K), 2 survivors (2048K)
 Metaspace       used 32866K, committed 33216K, reserved 1114112K
  class space    used 3250K, committed 3392K, reserved 1048576K
}
Event: 3.310 GC heap before
{Heap before GC invocations=5 (full 0):
 garbage-first heap   total reserved 1912832K, committed 51200K, used 21601K [0x000000008b400000, 0x0000000100000000)
  region size 1024K, 6 young (6144K), 2 survivors (2048K)
 Metaspace       used 35599K, committed 35968K, reserved 1114112K
  class space    used 3485K, committed 3648K, reserved 1048576K
}
Event: 3.312 GC heap after
{Heap after GC invocations=6 (full 0):
 garbage-first heap   total reserved 1912832K, committed 51200K, used 19134K [0x000000008b400000, 0x0000000100000000)
  region size 1024K, 3 young (3072K), 3 survivors (3072K)
 Metaspace       used 35599K, committed 35968K, reserved 1114112K
  class space    used 3485K, committed 3648K, reserved 1048576K
}
Event: 3.685 GC heap before
{Heap before GC invocations=7 (full 0):
 garbage-first heap   total reserved 1912832K, committed 51200K, used 38590K [0x000000008b400000, 0x0000000100000000)
  region size 1024K, 23 young (23552K), 3 survivors (3072K)
 Metaspace       used 40351K, committed 40832K, reserved 1114112K
  class space    used 3964K, committed 4160K, reserved 1048576K
}
Event: 3.687 GC heap after
{Heap after GC invocations=8 (full 0):
 garbage-first heap   total reserved 1912832K, committed 51200K, used 21357K [0x000000008b400000, 0x0000000100000000)
  region size 1024K, 3 young (3072K), 3 survivors (3072K)
 Metaspace       used 40351K, committed 40832K, reserved 1114112K
  class space    used 3964K, committed 4160K, reserved 1048576K
}

